[2023-04-22T18:51:11.324+0800] {taskinstance.py:1090} INFO - Dependencies all met for dep_context=non-requeueable deps ti=<TaskInstance: membership_data_pipeline.get_new_csv_files manual__2023-04-22T10:51:07.011695+00:00 [queued]>
[2023-04-22T18:51:11.329+0800] {taskinstance.py:1090} INFO - Dependencies all met for dep_context=requeueable deps ti=<TaskInstance: membership_data_pipeline.get_new_csv_files manual__2023-04-22T10:51:07.011695+00:00 [queued]>
[2023-04-22T18:51:11.330+0800] {taskinstance.py:1288} INFO - 
--------------------------------------------------------------------------------
[2023-04-22T18:51:11.330+0800] {taskinstance.py:1289} INFO - Starting attempt 1 of 2
[2023-04-22T18:51:11.330+0800] {taskinstance.py:1290} INFO - 
--------------------------------------------------------------------------------
[2023-04-22T18:51:11.340+0800] {taskinstance.py:1309} INFO - Executing <Task(PythonOperator): get_new_csv_files> on 2023-04-22 10:51:07.011695+00:00
[2023-04-22T18:51:11.344+0800] {standard_task_runner.py:55} INFO - Started process 16741 to run task
[2023-04-22T18:51:11.350+0800] {standard_task_runner.py:82} INFO - Running: ['airflow', 'tasks', 'run', 'membership_data_pipeline', 'get_new_csv_files', 'manual__2023-04-22T10:51:07.011695+00:00', '--job-id', '74', '--raw', '--subdir', 'DAGS_FOLDER/membership_data_pipeline.py', '--cfg-path', '/var/folders/0l/pz0m87jx42n2smkt11j43gy40000gn/T/tmp7ushgypv']
[2023-04-22T18:51:11.351+0800] {standard_task_runner.py:83} INFO - Job 74: Subtask get_new_csv_files
[2023-04-22T18:51:11.404+0800] {task_command.py:389} INFO - Running <TaskInstance: membership_data_pipeline.get_new_csv_files manual__2023-04-22T10:51:07.011695+00:00 [running]> on host yanqings-macbook-pro.local
[2023-04-22T18:51:11.449+0800] {taskinstance.py:1516} INFO - Exporting the following env vars:
AIRFLOW_CTX_DAG_OWNER=airflow
AIRFLOW_CTX_DAG_ID=membership_data_pipeline
AIRFLOW_CTX_TASK_ID=get_new_csv_files
AIRFLOW_CTX_EXECUTION_DATE=2023-04-22T10:51:07.011695+00:00
AIRFLOW_CTX_TRY_NUMBER=1
AIRFLOW_CTX_DAG_RUN_ID=manual__2023-04-22T10:51:07.011695+00:00
[2023-04-22T18:51:11.471+0800] {python.py:177} INFO - Done. Returned value was:                 name                              email date_of_birth mobile_no
0      William Dixon  William_Dixon@woodward-fuller.biz    1986/01/10  40601711
1       Kristen Horn               Kristen_Horn@lin.com    1974-09-10    737931
2     Kimberly Chang   Kimberly_Chang@johnson-lopez.biz    02/27/1974   2692047
3          Mary Ball              Mary_Ball@stevens.biz    02/05/1968    886359
4     Benjamin Craig           Benjamin_Craig@berry.net    12/11/1988    696429
...              ...                                ...           ...       ...
4994  Shirley Nguyen           Shirley_Nguyen@meyer.com    1965-01-07   6673612
4995     Jesse Brown              Jesse_Brown@davis.com    1977/02/23    691371
4996   Valerie Owens            Valerie_Owens@burns.com    1996/11/18   7496854
4997    Alicia Sharp           Alicia_Sharp@bernard.biz    18-09-1979   1455644
4998   Sherry Jensen   Sherry_Jensen@small-espinoza.com    11/08/1979   4803037

[4999 rows x 4 columns]
[2023-04-22T18:51:11.495+0800] {taskinstance.py:1327} INFO - Marking task as SUCCESS. dag_id=membership_data_pipeline, task_id=get_new_csv_files, execution_date=20230422T105107, start_date=20230422T105111, end_date=20230422T105111
[2023-04-22T18:51:11.532+0800] {local_task_job.py:212} INFO - Task exited with return code 0
[2023-04-22T18:51:11.550+0800] {taskinstance.py:2596} INFO - 1 downstream tasks scheduled from follow-on schedule check
